#
# A fatal error has been detected by the Java Runtime Environment:
#
#  EXCEPTION_ACCESS_VIOLATION (0xc0000005) at pc=0x00007ffc5b94fe5b, pid=1984, tid=13576
#
# JRE version: OpenJDK Runtime Environment Temurin-17.0.12+7 (17.0.12+7) (build 17.0.12+7)
# Java VM: OpenJDK 64-Bit Server VM Temurin-17.0.12+7 (17.0.12+7, mixed mode, tiered, compressed oops, compressed class ptrs, parallel gc, windows-amd64)
# Problematic frame:
# V  [jvm.dll+0x74fe5b]
#
# No core dump will be written. Minidumps are not enabled by default on client versions of Windows
#
# If you would like to submit a bug report, please visit:
#   https://github.com/adoptium/adoptium-support/issues
#

---------------  S U M M A R Y ------------

Command Line: --add-modules=ALL-SYSTEM --add-opens=java.base/java.util=ALL-UNNAMED --add-opens=java.base/java.lang=ALL-UNNAMED --add-opens=java.base/sun.nio.fs=ALL-UNNAMED -Declipse.application=org.eclipse.jdt.ls.core.id1 -Dosgi.bundles.defaultStartLevel=4 -Declipse.product=org.eclipse.jdt.ls.core.product -Djava.import.generatesMetadataFilesAtProjectRoot=false -DDetectVMInstallationsJob.disabled=true -Dfile.encoding=utf8 -XX:+UseParallelGC -XX:GCTimeRatio=4 -XX:AdaptiveSizePolicyWeight=90 -Dsun.zip.disableMemoryMapping=true -Xmx1G -Xms100m -Xlog:disable -javaagent:c:\Users\User\.vscode\extensions\redhat.java-1.35.1-win32-x64\lombok\lombok-1.18.33.jar c:\Users\User\.vscode\extensions\redhat.java-1.35.1-win32-x64\server\plugins\org.eclipse.equinox.launcher_1.6.900.v20240613-2009.jar -configuration c:\Users\User\AppData\Roaming\Code\User\globalStorage\redhat.java\1.35.1\config_ss_win -data c:\Users\User\AppData\Roaming\Code\User\workspaceStorage\6f4f042813c4580cfe0915161643dd36\redhat.java\ss_ws --pipe=\\.\pipe\lsp-baeedeb3d0784b1c1de709be67c14ef1-sock

Host: Intel(R) Core(TM) i7-8550U CPU @ 1.80GHz, 8 cores, 7G,  Windows 11 , 64 bit Build 22621 (10.0.22621.3958)
Time: Wed Oct 23 08:09:16 2024 SE Asia Standard Time elapsed time: 5.891179 seconds (0d 0h 0m 5s)

---------------  T H R E A D  ---------------

Current thread (0x0000026bd879ad60):  JavaThread "main" [_thread_in_vm, id=13576, stack(0x000000c539600000,0x000000c539700000)]

Stack: [0x000000c539600000,0x000000c539700000],  sp=0x000000c5396fd020,  free space=1012k
Native frames: (J=compiled Java code, j=interpreted, Vv=VM code, C=native code)
V  [jvm.dll+0x74fe5b]
V  [jvm.dll+0x2cb103]
V  [jvm.dll+0x387302]
V  [jvm.dll+0x386acf]
C  0x0000026be29795b9

The last pc belongs to invokevirtual (printed below).
Java frames: (J=compiled Java code, j=interpreted, Vv=VM code)
j  jdk.internal.org.objectweb.asm.Type.getType(Ljava/lang/Class;)Ljdk/internal/org/objectweb/asm/Type;+1 java.base@17.0.12
j  java.lang.reflect.ProxyGenerator.generateLookupAccessor()V+61 java.base@17.0.12
j  java.lang.reflect.ProxyGenerator.generateClassFile()[B+272 java.base@17.0.12
j  java.lang.reflect.ProxyGenerator.generateProxyClass(Ljava/lang/ClassLoader;Ljava/lang/String;Ljava/util/List;I)[B+15 java.base@17.0.12
j  java.lang.reflect.Proxy$ProxyBuilder.defineProxyClass(Ljava/lang/Module;Ljava/util/List;)Ljava/lang/Class;+381 java.base@17.0.12
j  java.lang.reflect.Proxy$ProxyBuilder.build()Ljava/lang/reflect/Constructor;+8 java.base@17.0.12
j  java.lang.reflect.Proxy.lambda$getProxyConstructor$0(Ljava/lang/ClassLoader;Ljdk/internal/loader/AbstractClassLoaderValue$Sub;)Ljava/lang/reflect/Constructor;+15 java.base@17.0.12
j  java.lang.reflect.Proxy$$Lambda$31+0x00000001000d5598.apply(Ljava/lang/Object;Ljava/lang/Object;)Ljava/lang/Object;+8 java.base@17.0.12
j  jdk.internal.loader.AbstractClassLoaderValue$Memoizer.get()Ljava/lang/Object;+75 java.base@17.0.12
j  jdk.internal.loader.AbstractClassLoaderValue.computeIfAbsent(Ljava/lang/ClassLoader;Ljava/util/function/BiFunction;)Ljava/lang/Object;+63 java.base@17.0.12
j  java.lang.reflect.Proxy.getProxyConstructor(Ljava/lang/Class;Ljava/lang/ClassLoader;[Ljava/lang/Class;)Ljava/lang/reflect/Constructor;+40 java.base@17.0.12
j  java.lang.reflect.Proxy.newProxyInstance(Ljava/lang/ClassLoader;[Ljava/lang/Class;Ljava/lang/reflect/InvocationHandler;)Ljava/lang/Object;+22 java.base@17.0.12
j  sun.reflect.annotation.AnnotationParser$1.run()Ljava/lang/annotation/Annotation;+33 java.base@17.0.12
j  sun.reflect.annotation.AnnotationParser$1.run()Ljava/lang/Object;+1 java.base@17.0.12
j  java.security.AccessController.executePrivileged(Ljava/security/PrivilegedAction;Ljava/security/AccessControlContext;Ljava/lang/Class;)Ljava/lang/Object;+29 java.base@17.0.12
j  java.security.AccessController.doPrivileged(Ljava/security/PrivilegedAction;)Ljava/lang/Object;+5 java.base@17.0.12
j  sun.reflect.annotation.AnnotationParser.annotationForMap(Ljava/lang/Class;Ljava/util/Map;)Ljava/lang/annotation/Annotation;+9 java.base@17.0.12
j  sun.reflect.annotation.AnnotationParser.parseAnnotation2(Ljava/nio/ByteBuffer;Ljdk/internal/reflect/ConstantPool;Ljava/lang/Class;Z[Ljava/lang/Class;)Ljava/lang/annotation/Annotation;+267 java.base@17.0.12
j  sun.reflect.annotation.AnnotationParser.parseAnnotations2([BLjdk/internal/reflect/ConstantPool;Ljava/lang/Class;[Ljava/lang/Class;)Ljava/util/Map;+41 java.base@17.0.12
j  sun.reflect.annotation.AnnotationParser.parseSelectAnnotations([BLjdk/internal/reflect/ConstantPool;Ljava/lang/Class;[Ljava/lang/Class;)Ljava/util/Map;+12 java.base@17.0.12
j  sun.reflect.annotation.AnnotationType.<init>(Ljava/lang/Class;)V+291 java.base@17.0.12
j  sun.reflect.annotation.AnnotationType.getInstance(Ljava/lang/Class;)Lsun/reflect/annotation/AnnotationType;+21 java.base@17.0.12
j  sun.reflect.annotation.AnnotationParser.parseAnnotation2(Ljava/nio/ByteBuffer;Ljdk/internal/reflect/ConstantPool;Ljava/lang/Class;Z[Ljava/lang/Class;)Ljava/lang/annotation/Annotation;+103 java.base@17.0.12
j  sun.reflect.annotation.AnnotationParser.parseAnnotations2([BLjdk/internal/reflect/ConstantPool;Ljava/lang/Class;[Ljava/lang/Class;)Ljava/util/Map;+41 java.base@17.0.12
j  sun.reflect.annotation.AnnotationParser.parseAnnotations([BLjdk/internal/reflect/ConstantPool;Ljava/lang/Class;)Ljava/util/Map;+12 java.base@17.0.12
j  java.lang.reflect.Executable.declaredAnnotations()Ljava/util/Map;+62 java.base@17.0.12
j  java.lang.reflect.Executable.declaredAnnotations()Ljava/util/Map;+35 java.base@17.0.12
j  java.lang.reflect.Executable.getAnnotation(Ljava/lang/Class;)Ljava/lang/annotation/Annotation;+7 java.base@17.0.12
j  java.lang.reflect.Method.getAnnotation(Ljava/lang/Class;)Ljava/lang/annotation/Annotation;+2 java.base@17.0.12
j  java.lang.reflect.AnnotatedElement.isAnnotationPresent(Ljava/lang/Class;)Z+2 java.base@17.0.12
j  java.lang.reflect.AccessibleObject.isAnnotationPresent(Ljava/lang/Class;)Z+2 java.base@17.0.12
j  jdk.internal.reflect.Reflection.isCallerSensitive(Ljava/lang/reflect/Method;)Z+18 java.base@17.0.12
j  jdk.internal.reflect.ReflectionFactory.newMethodAccessor(Ljava/lang/reflect/Method;)Ljdk/internal/reflect/MethodAccessor;+4 java.base@17.0.12
j  java.lang.reflect.Method.acquireMethodAccessor()Ljdk/internal/reflect/MethodAccessor;+33 java.base@17.0.12
j  java.lang.reflect.Method.invoke(Ljava/lang/Object;[Ljava/lang/Object;)Ljava/lang/Object;+52 java.base@17.0.12
j  org.eclipse.osgi.internal.framework.EquinoxContainer.<init>(Ljava/util/Map;Lorg/osgi/framework/connect/ModuleConnector;)V+37
j  org.eclipse.osgi.launch.Equinox.<init>(Ljava/util/Map;Lorg/osgi/framework/connect/ModuleConnector;)V+10
j  org.eclipse.osgi.launch.Equinox.<init>(Ljava/util/Map;)V+3
j  org.eclipse.core.runtime.adaptor.EclipseStarter.startup([Ljava/lang/String;Ljava/lang/Runnable;)Lorg/osgi/framework/BundleContext;+28
j  org.eclipse.core.runtime.adaptor.EclipseStarter.run([Ljava/lang/String;Ljava/lang/Runnable;)Ljava/lang/Object;+21
v  ~StubRoutines::call_stub
j  jdk.internal.reflect.NativeMethodAccessorImpl.invoke0(Ljava/lang/reflect/Method;Ljava/lang/Object;[Ljava/lang/Object;)Ljava/lang/Object;+0 java.base@17.0.12
j  jdk.internal.reflect.NativeMethodAccessorImpl.invoke(Ljava/lang/Object;[Ljava/lang/Object;)Ljava/lang/Object;+133 java.base@17.0.12
j  jdk.internal.reflect.DelegatingMethodAccessorImpl.invoke(Ljava/lang/Object;[Ljava/lang/Object;)Ljava/lang/Object;+6 java.base@17.0.12
j  java.lang.reflect.Method.invoke(Ljava/lang/Object;[Ljava/lang/Object;)Ljava/lang/Object;+59 java.base@17.0.12
j  org.eclipse.equinox.launcher.Main.invokeFramework([Ljava/lang/String;[Ljava/net/URL;)V+202
j  org.eclipse.equinox.launcher.Main.basicRun([Ljava/lang/String;)V+159
j  org.eclipse.equinox.launcher.Main.run([Ljava/lang/String;)I+4
j  org.eclipse.equinox.launcher.Main.main([Ljava/lang/String;)V+10
v  ~StubRoutines::call_stub

siginfo: EXCEPTION_ACCESS_VIOLATION (0xc0000005), reading address 0x0000000000510053


Registers:
RAX=0x000000000051004f, RBX=0x0000000000000000, RCX=0x000000c5396fd040, RDX=0x000000000051004f
RSP=0x000000c5396fd020, RBP=0x000000c5396fd1d0, RSI=0x0000026bd877fe90, RDI=0x0000026bd879ad60
R8 =0x0000000000000000, R9 =0x0000026bed31f118, R10=0x0000026be2960000, R11=0x0000026bed320028
R12=0x0000026bd879b240, R13=0x0000026bd879b250, R14=0x000000c5396fd0a0, R15=0x0000026bd879b628
RIP=0x00007ffc5b94fe5b, EFLAGS=0x0000000000010246


Register to memory mapping:

RIP=0x00007ffc5b94fe5b jvm.dll
RAX=0x000000000051004f is an unknown value
RBX=0x0 is NULL
RCX=0x000000c5396fd040 is pointing into the stack for thread: 0x0000026bd879ad60
RDX=0x000000000051004f is an unknown value
RSP=0x000000c5396fd020 is pointing into the stack for thread: 0x0000026bd879ad60
RBP=0x000000c5396fd1d0 is pointing into the stack for thread: 0x0000026bd879ad60
RSI=0x0000026bd877fe90 points into unknown readable memory: 0x0000026b00000002 | 02 00 00 00 6b 02 00 00
RDI=0x0000026bd879ad60 is a thread
R8 =0x0 is NULL
R9 =0x0000026bed31f118 is pointing into metadata
R10=0x0000026be2960000 points into unknown readable memory: 0x0000000000000006 | 06 00 00 00 00 00 00 00
R11={method} {0x0000026bed320030} 'getType' '(Ljava/lang/Class;)Ljdk/internal/org/objectweb/asm/Type;' in 'jdk/internal/org/objectweb/asm/Type'
R12=0x0000026bd879b240 points into unknown readable memory: 0x0000000000000000 | 00 00 00 00 00 00 00 00
R13=0x0000026bd879b250 points into unknown readable memory: 0x006a004c00290028 | 28 00 29 00 4c 00 6a 00
R14=0x000000c5396fd0a0 is pointing into the stack for thread: 0x0000026bd879ad60
R15=0x0000026bd879b628 points into unknown readable memory: 0x000588bc69969d8a | 8a 9d 96 69 bc 88 05 00


Top of Stack: (sp=0x000000c5396fd020)
0x000000c5396fd020:   0000026bed320028 0000026bd879ad60
0x000000c5396fd030:   000000c5396fd0e8 00007ffc5b4ccf7f
0x000000c5396fd040:   0000026bed86a310 0000026bd879ad60
0x000000c5396fd050:   00000000ebd01f00 00007ffc5b44272d
0x000000c5396fd060:   0000026bd879ad60 00007ffc5b4ccf0c
0x000000c5396fd070:   00000000000000b6 00007ffc5b4cb103
0x000000c5396fd080:   00000000ebd01f4e 000000c5396fd130
0x000000c5396fd090:   0000026bd879ad60 00007ffc5b43fd2e
0x000000c5396fd0a0:   000000000051004f 0000026b00000063
0x000000c5396fd0b0:   0000000000000000 0000026b00000000
0x000000c5396fd0c0:   0000000000000000 00007ffc5b587302
0x000000c5396fd0d0:   0000000000000000 0000026bd877fe90
0x000000c5396fd0e0:   0000026bd879ad60 00007ffc5b446704
0x000000c5396fd0f0:   0000026bed86d620 000000c5396fd230
0x000000c5396fd100:   0000026bed320028 0000026bd879ad60
0x000000c5396fd110:   0000000000000000 0000026bdb0a0101
0x000000c5396fd120:   0000026bd879ad60 00007ffc5b5875e0
0x000000c5396fd130:   000000c5396fd3e8 0000026be297955d
0x000000c5396fd140:   0000026be2968e10 0000026b00000000
0x000000c5396fd150:   000000c5396fd438 000000c5396fd3e8
0x000000c5396fd160:   0000026bed31ffa9 0000026b000000b6
0x000000c5396fd170:   0000026bed320028 0000026b00000000
0x000000c5396fd180:   000000c5396fd438 000000c5396fd3e8
0x000000c5396fd190:   000000c5396fd448 0000026be2979d3d
0x000000c5396fd1a0:   0000026be2968e10 00007ffc00000000
0x000000c5396fd1b0:   000000c5396fd4a0 000000c5396fd448
0x000000c5396fd1c0:   000000c5396fd448 0000026be2979d3d
0x000000c5396fd1d0:   0000026bd879ad60 0000026bed31ffa9
0x000000c5396fd1e0:   000000c5396fd448 0000026bd879ad60
0x000000c5396fd1f0:   00000000ebd01f4e 00000000000000b6
0x000000c5396fd200:   000000c5396fd310 00007ffc5b586acf
0x000000c5396fd210:   0000026bed320028 0000000000000000 

Instructions: (pc=0x00007ffc5b94fe5b)
0x00007ffc5b94fd5b:   c7 44 24 2c 01 00 00 00 c7 44 24 28 01 00 00 00
0x00007ffc5b94fd6b:   89 5c 24 34 48 89 5c 24 48 e8 77 0d 00 00 83 7c
0x00007ffc5b94fd7b:   24 3c 03 74 26 8b fb 0f 1f 40 00 66 66 0f 1f 84
0x00007ffc5b94fd8b:   00 00 00 00 00 ff c7 48 8d 4c 24 20 89 7e 18 e8
0x00007ffc5b94fd9b:   51 0d 00 00 83 7c 24 3c 03 75 ea 8b 44 24 38 48
0x00007ffc5b94fdab:   8b 4c 24 40 89 46 08 48 3b 0d 0f b4 45 00 74 55
0x00007ffc5b94fdbb:   48 89 6c 24 60 e8 6b 39 05 00 48 8b 6c 24 48 48
0x00007ffc5b94fdcb:   85 ed 74 29 39 5d 00 7e 24 48 8b fb 66 0f 1f 84
0x00007ffc5b94fddb:   00 00 00 00 00 48 8b 4d 08 48 8b 0c 0f e8 43 39
0x00007ffc5b94fdeb:   05 00 ff c3 48 8d 7f 08 3b 5d 00 7c e8 48 8b 6c
0x00007ffc5b94fdfb:   24 60 48 8b c6 48 8b 5c 24 68 48 8b 74 24 70 48
0x00007ffc5b94fe0b:   83 c4 50 5f c3 48 8b 5c 24 68 48 8b c6 48 8b 74
0x00007ffc5b94fe1b:   24 70 48 83 c4 50 5f c3 cc cc cc cc cc cc cc cc
0x00007ffc5b94fe2b:   cc cc cc cc cc 48 89 5c 24 10 48 89 7c 24 18 41
0x00007ffc5b94fe3b:   56 48 83 ec 50 33 db 48 89 11 48 89 59 10 4c 8b
0x00007ffc5b94fe4b:   f1 89 59 18 c7 41 08 63 00 00 00 48 8d 4c 24 20
0x00007ffc5b94fe5b:   0f b7 42 04 89 44 24 30 48 8b 05 5e b3 45 00 48
0x00007ffc5b94fe6b:   89 44 24 40 48 89 54 24 20 c7 44 24 3c 01 00 00
0x00007ffc5b94fe7b:   00 c7 44 24 2c 01 00 00 00 c7 44 24 28 01 00 00
0x00007ffc5b94fe8b:   00 89 5c 24 34 48 89 5c 24 48 e8 56 0c 00 00 83
0x00007ffc5b94fe9b:   7c 24 3c 03 74 37 8b fb 0f 1f 40 00 66 0f 1f 84
0x00007ffc5b94feab:   00 00 00 00 00 8b 44 24 38 83 c0 f9 83 e0 fb f7
0x00007ffc5b94febb:   d8 1b c9 83 c1 02 03 f9 48 8d 4c 24 20 41 89 7e
0x00007ffc5b94fecb:   18 e8 1f 0c 00 00 83 7c 24 3c 03 75 d8 8b 44 24
0x00007ffc5b94fedb:   38 48 8b 4c 24 40 41 89 46 08 48 3b 0d dc b2 45
0x00007ffc5b94feeb:   00 74 52 48 89 74 24 60 e8 38 38 05 00 48 8b 74
0x00007ffc5b94fefb:   24 48 48 85 f6 74 25 39 1e 7e 21 48 8b fb 0f 1f
0x00007ffc5b94ff0b:   80 00 00 00 00 48 8b 4e 08 48 8b 0c 0f e8 13 38
0x00007ffc5b94ff1b:   05 00 ff c3 48 8d 7f 08 3b 1e 7c e9 48 8b 74 24
0x00007ffc5b94ff2b:   60 49 8b c6 48 8b 5c 24 68 48 8b 7c 24 70 48 83
0x00007ffc5b94ff3b:   c4 50 41 5e c3 48 8b 5c 24 68 49 8b c6 48 8b 7c
0x00007ffc5b94ff4b:   24 70 48 83 c4 50 41 5e c3 cc cc cc cc cc cc cc 


Stack slot to memory mapping:
stack at sp + 0 slots: {method} {0x0000026bed320030} 'getType' '(Ljava/lang/Class;)Ljdk/internal/org/objectweb/asm/Type;' in 'jdk/internal/org/objectweb/asm/Type'
stack at sp + 1 slots: 0x0000026bd879ad60 is a thread
stack at sp + 2 slots: 0x000000c5396fd0e8 is pointing into the stack for thread: 0x0000026bd879ad60
stack at sp + 3 slots: 0x00007ffc5b4ccf7f jvm.dll
stack at sp + 4 slots: 0x0000026bed86a310 is pointing into metadata
stack at sp + 5 slots: 0x0000026bd879ad60 is a thread
stack at sp + 6 slots: 0x00000000ebd01f00 points into unknown readable memory: 0xeab09b90ebcebde8 | e8 bd ce eb 90 9b b0 ea
stack at sp + 7 slots: 0x00007ffc5b44272d jvm.dll

invokevirtual  182 invokevirtual  [0x0000026be2979500, 0x0000026be29799e0]  1248 bytes
[MachCode]
  0x0000026be2979500: 4883 ec08 | c5fa 1104 | 24eb 1f48 | 83ec 10c5 | fb11 0424 | eb14 4883 | ec10 4889 | 0424 48c7 
  0x0000026be2979520: 4424 0800 | 0000 00eb | 0150 4c89 | 6dc0 410f | b755 0148 | 8b4d d0c1 | e202 8b5c | d120 c1eb 
  0x0000026be2979540: 1881 e3ff | 0000 0081 | fbb6 0000 | 000f 84b6 | 0000 00bb | b600 0000 | e805 0000 | 00e9 9b00 
  0x0000026be2979560: 0000 488b | d348 8d44 | 2408 4c89 | 6dc0 498b | cfc5 f877 | 4989 afa8 | 0200 0049 | 8987 9802 
  0x0000026be2979580: 0000 4883 | ec20 f7c4 | 0f00 0000 | 0f84 1a00 | 0000 4883 | ec08 49ba | 606a 585b | fc7f 0000 
  0x0000026be29795a0: 41ff d248 | 83c4 08e9 | 0d00 0000 | 49ba 606a | 585b fc7f | 0000 41ff | d248 83c4 | 2049 c787 
  0x0000026be29795c0: 9802 0000 | 0000 0000 | 49c7 87a8 | 0200 0000 | 0000 0049 | c787 a002 | 0000 0000 | 0000 c5f8 
  0x0000026be29795e0: 7749 817f | 0800 0000 | 000f 8405 | 0000 00e9 | 0c79 feff | 4c8b 6dc0 | 4c8b 75c8 | c341 0fb7 
  0x0000026be2979600: 5501 488b | 4dd0 c1e2 | 0248 8b5c | d130 8b54 | d138 8bca | 81e1 ff00 | 0000 488b | 4ccc f844 
  0x0000026be2979620: 8bea c1ea | 1c49 baa0 | e1da 5bfc | 7f00 0049 | 8b14 d252 | 418b d54c | 8b6d c08b | c281 e000 
  0x0000026be2979640: 0010 000f | 8480 0100 | 0048 3b01 | 488b 45d8 | 4885 c00f | 8412 0000 | 0048 8340 | 0801 4883 
  0x0000026be2979660: 5808 0048 | 83c0 3848 | 8945 d848 | 8b45 d848 | 85c0 0f84 | 4501 0000 | 8078 c80b | 0f85 3b01 
  0x0000026be2979680: 0000 4883 | c008 4c8b | 68f8 4183 | ed00 4183 | fd02 0f8c | 1a01 0000 | 4c8b 6b08 | 450f b76d 
  0x0000026be29796a0: 2c4c 2b28 | 4183 ed01 | 4e8b 6cec | 084d 85ed | 7512 48f7 | 4008 0100 | 0000 7558 | f048 8348 
  0x0000026be29796c0: 0801 eb50 | 458b 6d08 | 49c1 e503 | 4d8b d54c | 3368 0849 | f7c5 fcff | ffff 7438 | 49f7 c502 
  0x0000026be29796e0: 0000 0075 | 2f48 8178 | 0800 0000 | 0074 2148 | 8178 0801 | 0000 0074 | 174d 8bea | 4c33 6808 
  0x0000026be2979700: 49f7 c5fc | ffff ff74 | 0b48 8348 | 0802 eb04 | 4c89 6808 | 4883 c010 | 4c8b 68e8 | 4183 ed02 
  0x0000026be2979720: 4183 fd02 | 0f8c 8800 | 0000 4c8b | 6b08 450f | b76d 2c4c | 2b28 4183 | ed01 4e8b | 6cec 084d 
  0x0000026be2979740: 85ed 7512 | 48f7 4008 | 0100 0000 | 7558 f048 | 8348 0801 | eb50 458b | 6d08 49c1 | e503 4d8b 
  0x0000026be2979760: d54c 3368 | 0849 f7c5 | fcff ffff | 7438 49f7 | c502 0000 | 0075 2f48 | 8178 0800 | 0000 0074 
  0x0000026be2979780: 2148 8178 | 0801 0000 | 0074 174d | 8bea 4c33 | 6808 49f7 | c5fc ffff | ff74 0b48 | 8348 0802 
  0x0000026be29797a0: eb04 4c89 | 6808 4883 | c010 4c8b | 68d8 4183 | ed04 41c1 | e503 4903 | c548 8945 | d84c 8d6c 
  0x0000026be29797c0: 2408 4c89 | 6df0 ff63 | 508b 4108 | 48c1 e003 | 4c8b 75d8 | 4d85 f60f | 8495 0000 | 0049 8b56 
  0x0000026be29797e0: 1848 3bd0 | 0f85 0f00 | 0000 4983 | 4620 0149 | 835e 2000 | e971 0000 | 0048 85d2 | 0f84 4200 
  0x0000026be2979800: 0000 498b | 5628 483b | d00f 850f | 0000 0049 | 8346 3001 | 4983 5e30 | 00e9 4c00 | 0000 4885 
  0x0000026be2979820: d274 0f49 | 8346 0801 | 4983 5e08 | 00e9 3800 | 0000 4989 | 4628 ba01 | 0000 0049 | 8956 30e9 
  0x0000026be2979840: 2600 0000 | 493b 4628 | 0f85 0f00 | 0000 4983 | 4630 0149 | 835e 3000 | e90d 0000 | 0049 8946 
  0x0000026be2979860: 18ba 0100 | 0000 4989 | 5620 4983 | c638 4c89 | 75d8 488b | 9cd8 c801 | 0000 488b | 55d8 4885 
  0x0000026be2979880: d20f 8445 | 0100 0080 | 7ac8 0b0f | 853b 0100 | 0048 83c2 | 084c 8b6a | f841 83ed | 0041 83fd 
  0x0000026be29798a0: 020f 8c1a | 0100 004c | 8b6b 0845 | 0fb7 6d2c | 4c2b 2a41 | 83ed 014e | 8b6c ec08 | 4d85 ed75 
  0x0000026be29798c0: 1248 f742 | 0801 0000 | 0075 58f0 | 4883 4a08 | 01eb 5045 | 8b6d 0849 | c1e5 034d | 8bd5 4c33 
  0x0000026be29798e0: 6a08 49f7 | c5fc ffff | ff74 3849 | f7c5 0200 | 0000 752f | 4881 7a08 | 0000 0000 | 7421 4881 
  0x0000026be2979900: 7a08 0100 | 0000 7417 | 4d8b ea4c | 336a 0849 | f7c5 fcff | ffff 740b | 4883 4a08 | 02eb 044c 
  0x0000026be2979920: 896a 0848 | 83c2 104c | 8b6a e841 | 83ed 0241 | 83fd 020f | 8c88 0000 | 004c 8b6b | 0845 0fb7 
  0x0000026be2979940: 6d2c 4c2b | 2a41 83ed | 014e 8b6c | ec08 4d85 | ed75 1248 | f742 0801 | 0000 0075 | 58f0 4883 
  0x0000026be2979960: 4a08 01eb | 5045 8b6d | 0849 c1e5 | 034d 8bd5 | 4c33 6a08 | 49f7 c5fc | ffff ff74 | 3849 f7c5 
  0x0000026be2979980: 0200 0000 | 752f 4881 | 7a08 0000 | 0000 7421 | 4881 7a08 | 0100 0000 | 7417 4d8b | ea4c 336a 
  0x0000026be29799a0: 0849 f7c5 | fcff ffff | 740b 4883 | 4a08 02eb | 044c 896a | 0848 83c2 | 104c 8b6a | d841 83ed 
  0x0000026be29799c0: 0441 c1e5 | 0349 03d5 | 4889 55d8 | 4c8d 6c24 | 084c 896d | f0ff 6350 | 0000 0000 | 0000 0000 
[/MachCode]

---------------  P R O C E S S  ---------------

Threads class SMR info:
_java_thread_list=0x0000026bf2a7e690, length=13, elements={
0x0000026bd879ad60, 0x0000026bec621030, 0x0000026bec6221a0, 0x0000026bd884dfb0,
0x0000026bd884e880, 0x0000026bf16c7a40, 0x0000026bf16cc6e0, 0x0000026bf16d0860,
0x0000026bf1730c80, 0x0000026bf1731f50, 0x0000026bd87fbd40, 0x0000026bf19f8e70,
0x0000026bf2996910
}

Java Threads: ( => current thread )
=>0x0000026bd879ad60 JavaThread "main" [_thread_in_vm, id=13576, stack(0x000000c539600000,0x000000c539700000)]
  0x0000026bec621030 JavaThread "Reference Handler" daemon [_thread_blocked, id=10988, stack(0x000000c539900000,0x000000c539a00000)]
  0x0000026bec6221a0 JavaThread "Finalizer" daemon [_thread_blocked, id=18108, stack(0x000000c539a00000,0x000000c539b00000)]
  0x0000026bd884dfb0 JavaThread "Signal Dispatcher" daemon [_thread_blocked, id=20836, stack(0x000000c539b00000,0x000000c539c00000)]
  0x0000026bd884e880 JavaThread "Attach Listener" daemon [_thread_blocked, id=19096, stack(0x000000c539c00000,0x000000c539d00000)]
  0x0000026bf16c7a40 JavaThread "Service Thread" daemon [_thread_blocked, id=20628, stack(0x000000c539d00000,0x000000c539e00000)]
  0x0000026bf16cc6e0 JavaThread "Monitor Deflation Thread" daemon [_thread_blocked, id=17280, stack(0x000000c539e00000,0x000000c539f00000)]
  0x0000026bf16d0860 JavaThread "C2 CompilerThread0" daemon [_thread_blocked, id=19372, stack(0x000000c539f00000,0x000000c53a000000)]
  0x0000026bf1730c80 JavaThread "C1 CompilerThread0" daemon [_thread_blocked, id=20644, stack(0x000000c53a000000,0x000000c53a100000)]
  0x0000026bf1731f50 JavaThread "Sweeper thread" daemon [_thread_blocked, id=6652, stack(0x000000c53a100000,0x000000c53a200000)]
  0x0000026bd87fbd40 JavaThread "Common-Cleaner" daemon [_thread_blocked, id=16088, stack(0x000000c53a200000,0x000000c53a300000)]
  0x0000026bf19f8e70 JavaThread "Notification Thread" daemon [_thread_blocked, id=23308, stack(0x000000c53a300000,0x000000c53a400000)]
  0x0000026bf2996910 JavaThread "C2 CompilerThread1" daemon [_thread_blocked, id=3500, stack(0x000000c53a500000,0x000000c53a600000)]

Other Threads:
  0x0000026bf16a14b0 VMThread "VM Thread" [stack: 0x000000c539800000,0x000000c539900000] [id=20660] _threads_hazard_ptr=0x0000026bf2a7e690
  0x0000026bf19fe8d0 WatcherThread [stack: 0x000000c53a400000,0x000000c53a500000] [id=8888]
  0x0000026bd87afbc0 GCTaskThread "GC Thread#0" [stack: 0x000000c539700000,0x000000c539800000] [id=276]

Threads with active compile tasks:

VM state: synchronizing (normal execution)

VM Mutex/Monitor currently owned by a thread:  ([mutex/lock_event])
[0x0000026bd8796fe0] Threads_lock - owner thread: 0x0000026bf16a14b0

Heap address: 0x00000000c0000000, size: 1024 MB, Compressed Oops mode: 32-bit

CDS archive(s) not mapped
Compressed class space mapped at: 0x0000000100000000-0x0000000140000000, reserved size: 1073741824
Narrow klass base: 0x0000000000000000, Narrow klass shift: 3, Narrow klass range: 0x140000000

GC Precious Log:
 CPUs: 8 total, 8 available
 Memory: 8073M
 Large Page Support: Disabled
 NUMA Support: Disabled
 Compressed Oops: Enabled (32-bit)
 Alignments: Space 512K, Generation 512K, Heap 2M
 Heap Min Capacity: 100M
 Heap Initial Capacity: 100M
 Heap Max Capacity: 1G
 Pre-touch: Disabled
 Parallel Workers: 8

Heap:
 PSYoungGen      total 29696K, used 18556K [0x00000000eab00000, 0x00000000ecc00000, 0x0000000100000000)
  eden space 25600K, 72% used [0x00000000eab00000,0x00000000ebd1f170,0x00000000ec400000)
  from space 4096K, 0% used [0x00000000ec800000,0x00000000ec800000,0x00000000ecc00000)
  to   space 4096K, 0% used [0x00000000ec400000,0x00000000ec400000,0x00000000ec800000)
 ParOldGen       total 68608K, used 0K [0x00000000c0000000, 0x00000000c4300000, 0x00000000eab00000)
  object space 68608K, 0% used [0x00000000c0000000,0x00000000c0000000,0x00000000c4300000)
 Metaspace       used 9743K, committed 9920K, reserved 1114112K
  class space    used 973K, committed 1024K, reserved 1048576K

Card table byte_map: [0x0000026bd8160000,0x0000026bd8370000] _byte_map_base: 0x0000026bd7b60000

Marking Bits: (ParMarkBitMap*) 0x00007ffc5bda58b0
 Begin Bits: [0x0000026bea430000, 0x0000026beb430000)
 End Bits:   [0x0000026beb430000, 0x0000026bec430000)

Polling page: 0x0000026bd7f50000

Metaspace:

Usage:
  Non-class:      8.56 MB used.
      Class:    973.22 KB used.
       Both:      9.52 MB used.

Virtual space:
  Non-class space:       64.00 MB reserved,       8.69 MB ( 14%) committed,  1 nodes.
      Class space:        1.00 GB reserved,       1.00 MB ( <1%) committed,  1 nodes.
             Both:        1.06 GB reserved,       9.69 MB ( <1%) committed. 

Chunk freelists:
   Non-Class:  6.84 MB
       Class:  15.00 MB
        Both:  21.84 MB

MaxMetaspaceSize: unlimited
CompressedClassSpaceSize: 1.00 GB
Initial GC threshold: 21.00 MB
Current GC threshold: 21.00 MB
CDS: off
MetaspaceReclaimPolicy: balanced
 - commit_granule_bytes: 65536.
 - commit_granule_words: 8192.
 - virtual_space_node_default_size: 8388608.
 - enlarge_chunks_in_place: 1.
 - new_chunks_are_fully_committed: 0.
 - uncommit_free_chunks: 1.
 - use_allocation_guard: 0.
 - handle_deallocations: 1.


Internal statistics:

num_allocs_failed_limit: 0.
num_arena_births: 14.
num_arena_deaths: 0.
num_vsnodes_births: 2.
num_vsnodes_deaths: 0.
num_space_committed: 155.
num_space_uncommitted: 0.
num_chunks_returned_to_freelist: 0.
num_chunks_taken_from_freelist: 68.
num_chunk_merges: 0.
num_chunk_splits: 37.
num_chunks_enlarged: 28.
num_inconsistent_stats: 0.

CodeHeap 'non-profiled nmethods': size=120000Kb used=346Kb max_used=346Kb free=119653Kb
 bounds [0x0000026be2f00000, 0x0000026be3170000, 0x0000026bea430000]
CodeHeap 'profiled nmethods': size=120000Kb used=1228Kb max_used=1228Kb free=118771Kb
 bounds [0x0000026bdb430000, 0x0000026bdb6a0000, 0x0000026be2960000]
CodeHeap 'non-nmethods': size=5760Kb used=1135Kb max_used=1179Kb free=4624Kb
 bounds [0x0000026be2960000, 0x0000026be2bd0000, 0x0000026be2f00000]
 total_blobs=1177 nmethods=752 adapters=340
 compilation: enabled
              stopped_count=0, restarted_count=0
 full_count=0

Compilation events (20 events):
Event: 5.765 Thread 0x0000026bf1730c80 nmethod 742 0x0000026bdb560e10 code [0x0000026bdb561020, 0x0000026bdb561948]
Event: 5.765 Thread 0x0000026bf1730c80  743       3       java.util.WeakHashMap::indexFor (6 bytes)
Event: 5.766 Thread 0x0000026bf1730c80 nmethod 743 0x0000026bdb561d90 code [0x0000026bdb561f20, 0x0000026bdb562018]
Event: 5.776 Thread 0x0000026bf16d0860  744       4       jdk.internal.misc.Unsafe::convEndian (16 bytes)
Event: 5.777 Thread 0x0000026bf16d0860 nmethod 744 0x0000026be2f50f90 code [0x0000026be2f51100, 0x0000026be2f51178]
Event: 5.783 Thread 0x0000026bf2996910 nmethod 704 0x0000026be2f51290 code [0x0000026be2f51580, 0x0000026be2f53e48]
Event: 5.805 Thread 0x0000026bf1730c80  746       1       java.lang.invoke.MethodTypeForm::erasedType (5 bytes)
Event: 5.806 Thread 0x0000026bf1730c80 nmethod 746 0x0000026be2f55e10 code [0x0000026be2f55fa0, 0x0000026be2f56078]
Event: 5.806 Thread 0x0000026bf1730c80  747       1       sun.invoke.util.Wrapper::basicTypeChar (5 bytes)
Event: 5.806 Thread 0x0000026bf1730c80 nmethod 747 0x0000026be2f56110 code [0x0000026be2f562a0, 0x0000026be2f56378]
Event: 5.826 Thread 0x0000026bf1730c80  748       1       java.lang.reflect.Method::getName (5 bytes)
Event: 5.826 Thread 0x0000026bf1730c80 nmethod 748 0x0000026be2f56410 code [0x0000026be2f565a0, 0x0000026be2f56678]
Event: 5.830 Thread 0x0000026bf1730c80  749       3       java.lang.invoke.MemberName::getReferenceKind (12 bytes)
Event: 5.831 Thread 0x0000026bf1730c80 nmethod 749 0x0000026bdb562090 code [0x0000026bdb562220, 0x0000026bdb562338]
Event: 5.833 Thread 0x0000026bf1730c80  751       3       jdk.internal.org.objectweb.asm.SymbolTable::addConstantUtf8Reference (101 bytes)
Event: 5.836 Thread 0x0000026bf1730c80 nmethod 751 0x0000026bdb562410 code [0x0000026bdb562620, 0x0000026bdb562bf8]
Event: 5.836 Thread 0x0000026bf16d0860  752       4       jdk.internal.org.objectweb.asm.SymbolTable::get (13 bytes)
Event: 5.836 Thread 0x0000026bf1730c80  750       3       jdk.internal.org.objectweb.asm.SymbolTable::addConstantClass (8 bytes)
Event: 5.836 Thread 0x0000026bf1730c80 nmethod 750 0x0000026bdb562f10 code [0x0000026bdb5630a0, 0x0000026bdb5631e8]
Event: 5.839 Thread 0x0000026bf16d0860 nmethod 752 0x0000026be2f56710 code [0x0000026be2f56880, 0x0000026be2f56958]

GC Heap History (0 events):
No events

Dll operation events (8 events):
Event: 0.103 Loaded shared library c:\Users\User\.vscode\extensions\redhat.java-1.35.1-win32-x64\jre\17.0.12-win32-x86_64\bin\java.dll
Event: 1.636 Loaded shared library c:\Users\User\.vscode\extensions\redhat.java-1.35.1-win32-x64\jre\17.0.12-win32-x86_64\bin\zip.dll
Event: 1.669 Loaded shared library C:\Users\User\.vscode\extensions\redhat.java-1.35.1-win32-x64\jre\17.0.12-win32-x86_64\bin\instrument.dll
Event: 1.758 Loaded shared library C:\Users\User\.vscode\extensions\redhat.java-1.35.1-win32-x64\jre\17.0.12-win32-x86_64\bin\net.dll
Event: 1.780 Loaded shared library C:\Users\User\.vscode\extensions\redhat.java-1.35.1-win32-x64\jre\17.0.12-win32-x86_64\bin\nio.dll
Event: 1.867 Loaded shared library C:\Users\User\.vscode\extensions\redhat.java-1.35.1-win32-x64\jre\17.0.12-win32-x86_64\bin\zip.dll
Event: 2.015 Loaded shared library C:\Users\User\.vscode\extensions\redhat.java-1.35.1-win32-x64\jre\17.0.12-win32-x86_64\bin\jimage.dll
Event: 2.515 Loaded shared library c:\Users\User\.vscode\extensions\redhat.java-1.35.1-win32-x64\jre\17.0.12-win32-x86_64\bin\verify.dll

Deoptimization events (20 events):
Event: 5.488 Thread 0x0000026bd879ad60 DEOPT PACKING pc=0x0000026bdb50cfb2 sp=0x000000c5396fe520
Event: 5.488 Thread 0x0000026bd879ad60 DEOPT UNPACKING pc=0x0000026be29b6e43 sp=0x000000c5396fd978 mode 0
Event: 5.538 Thread 0x0000026bd879ad60 DEOPT PACKING pc=0x0000026bdb50cfb2 sp=0x000000c5396fe800
Event: 5.538 Thread 0x0000026bd879ad60 DEOPT UNPACKING pc=0x0000026be29b6e43 sp=0x000000c5396fdc58 mode 0
Event: 5.539 Thread 0x0000026bd879ad60 DEOPT PACKING pc=0x0000026bdb50cfb2 sp=0x000000c5396fe800
Event: 5.539 Thread 0x0000026bd879ad60 DEOPT UNPACKING pc=0x0000026be29b6e43 sp=0x000000c5396fdc58 mode 0
Event: 5.540 Thread 0x0000026bd879ad60 DEOPT PACKING pc=0x0000026bdb50cfb2 sp=0x000000c5396fe800
Event: 5.540 Thread 0x0000026bd879ad60 DEOPT UNPACKING pc=0x0000026be29b6e43 sp=0x000000c5396fdc58 mode 0
Event: 5.542 Thread 0x0000026bd879ad60 DEOPT PACKING pc=0x0000026bdb50ceda sp=0x000000c5396fe800
Event: 5.542 Thread 0x0000026bd879ad60 DEOPT UNPACKING pc=0x0000026be29b6e43 sp=0x000000c5396fdc58 mode 0
Event: 5.544 Thread 0x0000026bd879ad60 DEOPT PACKING pc=0x0000026bdb50ceda sp=0x000000c5396fe800
Event: 5.544 Thread 0x0000026bd879ad60 DEOPT UNPACKING pc=0x0000026be29b6e43 sp=0x000000c5396fdc58 mode 0
Event: 5.546 Thread 0x0000026bd879ad60 DEOPT PACKING pc=0x0000026bdb50ceda sp=0x000000c5396fe800
Event: 5.547 Thread 0x0000026bd879ad60 DEOPT UNPACKING pc=0x0000026be29b6e43 sp=0x000000c5396fdc58 mode 0
Event: 5.548 Thread 0x0000026bd879ad60 DEOPT PACKING pc=0x0000026bdb50cfb2 sp=0x000000c5396fe800
Event: 5.548 Thread 0x0000026bd879ad60 DEOPT UNPACKING pc=0x0000026be29b6e43 sp=0x000000c5396fdc58 mode 0
Event: 5.550 Thread 0x0000026bd879ad60 DEOPT PACKING pc=0x0000026bdb50cfb2 sp=0x000000c5396fe800
Event: 5.551 Thread 0x0000026bd879ad60 DEOPT UNPACKING pc=0x0000026be29b6e43 sp=0x000000c5396fdc58 mode 0
Event: 5.552 Thread 0x0000026bd879ad60 DEOPT PACKING pc=0x0000026bdb50cfb2 sp=0x000000c5396fe800
Event: 5.552 Thread 0x0000026bd879ad60 DEOPT UNPACKING pc=0x0000026be29b6e43 sp=0x000000c5396fdc58 mode 0

Classes loaded (20 events):
Event: 5.803 Loading class java/lang/reflect/Proxy$1
Event: 5.803 Loading class java/lang/reflect/Proxy$1 done
Event: 5.804 Loading class jdk/internal/loader/AbstractClassLoaderValue$Sub
Event: 5.804 Loading class jdk/internal/loader/AbstractClassLoaderValue$Sub done
Event: 5.808 Loading class java/lang/reflect/Proxy$ProxyBuilder
Event: 5.810 Loading class java/lang/reflect/Proxy$ProxyBuilder done
Event: 5.810 Loading class java/lang/PublicMethods
Event: 5.810 Loading class java/lang/PublicMethods done
Event: 5.811 Loading class java/util/LinkedHashMap$LinkedValueIterator
Event: 5.812 Loading class java/util/LinkedHashMap$LinkedValueIterator done
Event: 5.815 Loading class java/lang/module/ModuleDescriptor$Builder
Event: 5.816 Loading class java/lang/module/ModuleDescriptor$Builder done
Event: 5.822 Loading class java/lang/reflect/ProxyGenerator
Event: 5.823 Loading class java/lang/reflect/ProxyGenerator done
Event: 5.824 Loading class java/lang/reflect/ProxyGenerator$ProxyMethod
Event: 5.825 Loading class java/lang/reflect/ProxyGenerator$ProxyMethod done
Event: 5.832 Loading class java/lang/reflect/ProxyGenerator$PrimitiveTypeInfo
Event: 5.833 Loading class java/lang/reflect/ProxyGenerator$PrimitiveTypeInfo done
Event: 5.834 Loading class jdk/internal/org/objectweb/asm/Edge
Event: 5.834 Loading class jdk/internal/org/objectweb/asm/Edge done

Classes unloaded (0 events):
No events

Classes redefined (0 events):
No events

Internal exceptions (10 events):
Event: 1.132 Thread 0x0000026bd879ad60 Exception <a 'java/lang/NoSuchMethodError'{0x00000000eacb4ce8}: 'void java.lang.invoke.DirectMethodHandle$Holder.invokeStatic(java.lang.Object, java.lang.Object, java.lang.Object)'> (0x00000000eacb4ce8) 
thrown [s\src\hotspot\share\interpreter\linkResolver.cpp, line 759]
Event: 2.700 Thread 0x0000026bd879ad60 Exception <a 'java/lang/reflect/InvocationTargetException'{0x00000000eafe65b0}> (0x00000000eafe65b0) 
thrown [s\src\hotspot\share\runtime\reflection.cpp, line 1128]
Event: 4.880 Thread 0x0000026bd879ad60 Exception <a 'java/lang/ClassNotFoundException'{0x00000000eb880c78}: sun/net/www/protocol/c/Handler> (0x00000000eb880c78) 
thrown [s\src\hotspot\share\classfile\systemDictionary.cpp, line 256]
Event: 4.896 Thread 0x0000026bd879ad60 Exception <a 'java/io/FileNotFoundException'{0x00000000eb898880}> (0x00000000eb898880) 
thrown [s\src\hotspot\share\prims\jni.cpp, line 516]
Event: 4.898 Thread 0x0000026bd879ad60 Exception <a 'java/io/FileNotFoundException'{0x00000000eb899590}> (0x00000000eb899590) 
thrown [s\src\hotspot\share\prims\jni.cpp, line 516]
Event: 4.902 Thread 0x0000026bd879ad60 Exception <a 'java/io/FileNotFoundException'{0x00000000eb89a280}> (0x00000000eb89a280) 
thrown [s\src\hotspot\share\prims\jni.cpp, line 516]
Event: 4.904 Thread 0x0000026bd879ad60 Exception <a 'java/io/FileNotFoundException'{0x00000000eb89af40}> (0x00000000eb89af40) 
thrown [s\src\hotspot\share\prims\jni.cpp, line 516]
Event: 4.953 Thread 0x0000026bd879ad60 Implicit null exception at 0x0000026be2f23ef2 to 0x0000026be2f24440
Event: 4.954 Thread 0x0000026bd879ad60 Implicit null exception at 0x0000026be2f24af2 to 0x0000026be2f25054
Event: 5.001 Thread 0x0000026bd879ad60 Exception <a 'java/io/FileNotFoundException'{0x00000000eb8d5a60}> (0x00000000eb8d5a60) 
thrown [s\src\hotspot\share\prims\jni.cpp, line 516]

VM Operations (14 events):
Event: 1.180 Executing VM operation: HandshakeAllThreads
Event: 1.181 Executing VM operation: HandshakeAllThreads done
Event: 2.187 Executing VM operation: HandshakeAllThreads
Event: 2.187 Executing VM operation: HandshakeAllThreads done
Event: 2.187 Executing VM operation: Cleanup
Event: 2.188 Executing VM operation: Cleanup done
Event: 3.193 Executing VM operation: Cleanup
Event: 3.209 Executing VM operation: Cleanup done
Event: 4.218 Executing VM operation: Cleanup
Event: 4.222 Executing VM operation: Cleanup done
Event: 4.681 Executing VM operation: HandshakeAllThreads
Event: 4.681 Executing VM operation: HandshakeAllThreads done
Event: 4.846 Executing VM operation: HandshakeAllThreads
Event: 4.846 Executing VM operation: HandshakeAllThreads done

Events (20 events):
Event: 0.465 Thread 0x0000026bec621030 Thread added: 0x0000026bec621030
Event: 0.467 Thread 0x0000026bec6221a0 Thread added: 0x0000026bec6221a0
Event: 0.573 Thread 0x0000026bd884dfb0 Thread added: 0x0000026bd884dfb0
Event: 0.574 Thread 0x0000026bd884e880 Thread added: 0x0000026bd884e880
Event: 0.574 Thread 0x0000026bf16c7a40 Thread added: 0x0000026bf16c7a40
Event: 0.575 Thread 0x0000026bf16cc6e0 Thread added: 0x0000026bf16cc6e0
Event: 0.575 Thread 0x0000026bf16d0860 Thread added: 0x0000026bf16d0860
Event: 0.582 Thread 0x0000026bf1730c80 Thread added: 0x0000026bf1730c80
Event: 0.585 Thread 0x0000026bf1731f50 Thread added: 0x0000026bf1731f50
Event: 1.016 Thread 0x0000026bd87fbd40 Thread added: 0x0000026bd87fbd40
Event: 2.502 Thread 0x0000026bf199ab20 Thread added: 0x0000026bf199ab20
Event: 2.736 Thread 0x0000026bf199ab20 Thread exited: 0x0000026bf199ab20
Event: 3.242 Thread 0x0000026bf19f8e70 Thread added: 0x0000026bf19f8e70
Event: 3.294 Thread 0x0000026bf2927dd0 Thread added: 0x0000026bf2927dd0
Event: 3.489 Thread 0x0000026bf2927dd0 Thread exited: 0x0000026bf2927dd0
Event: 3.545 Thread 0x0000026bf19f7890 Thread added: 0x0000026bf19f7890
Event: 3.801 Thread 0x0000026bf19f7890 Thread exited: 0x0000026bf19f7890
Event: 4.096 Thread 0x0000026bf2996910 Thread added: 0x0000026bf2996910
Event: 4.870 Thread 0x0000026bf2f13c30 Thread added: 0x0000026bf2f13c30
Event: 5.721 Thread 0x0000026bf2f13c30 Thread exited: 0x0000026bf2f13c30


Dynamic libraries:
0x00007ff7b4ad0000 - 0x00007ff7b4ade000 	c:\Users\User\.vscode\extensions\redhat.java-1.35.1-win32-x64\jre\17.0.12-win32-x86_64\bin\java.exe
0x00007ffcb4410000 - 0x00007ffcb4627000 	C:\Windows\SYSTEM32\ntdll.dll
0x00007ffcb3900000 - 0x00007ffcb39c4000 	C:\Windows\System32\KERNEL32.DLL
0x00007ffcb1be0000 - 0x00007ffcb1f97000 	C:\Windows\System32\KERNELBASE.dll
0x00007ffcb1880000 - 0x00007ffcb1991000 	C:\Windows\System32\ucrtbase.dll
0x00007ffca4de0000 - 0x00007ffca4dfb000 	c:\Users\User\.vscode\extensions\redhat.java-1.35.1-win32-x64\jre\17.0.12-win32-x86_64\bin\VCRUNTIME140.dll
0x00007ffc9d670000 - 0x00007ffc9d687000 	c:\Users\User\.vscode\extensions\redhat.java-1.35.1-win32-x64\jre\17.0.12-win32-x86_64\bin\jli.dll
0x00007ffcb2400000 - 0x00007ffcb25af000 	C:\Windows\System32\USER32.dll
0x00007ffcb1bb0000 - 0x00007ffcb1bd6000 	C:\Windows\System32\win32u.dll
0x00007ffcb3a90000 - 0x00007ffcb3ab9000 	C:\Windows\System32\GDI32.dll
0x00007ffcb1a20000 - 0x00007ffcb1b38000 	C:\Windows\System32\gdi32full.dll
0x00007ffcb17e0000 - 0x00007ffcb187a000 	C:\Windows\System32\msvcp_win.dll
0x00007ffcb0920000 - 0x00007ffcb0bb3000 	C:\Windows\WinSxS\amd64_microsoft.windows.common-controls_6595b64144ccf1df_6.0.22621.3672_none_2713b9d173822955\COMCTL32.dll
0x00007ffcb2200000 - 0x00007ffcb22a7000 	C:\Windows\System32\msvcrt.dll
0x00007ffcb4340000 - 0x00007ffcb4371000 	C:\Windows\System32\IMM32.DLL
0x00007ffc9d660000 - 0x00007ffc9d66c000 	c:\Users\User\.vscode\extensions\redhat.java-1.35.1-win32-x64\jre\17.0.12-win32-x86_64\bin\vcruntime140_1.dll
0x00007ffc5c810000 - 0x00007ffc5c89d000 	c:\Users\User\.vscode\extensions\redhat.java-1.35.1-win32-x64\jre\17.0.12-win32-x86_64\bin\msvcp140.dll
0x00007ffc5b200000 - 0x00007ffc5be6a000 	c:\Users\User\.vscode\extensions\redhat.java-1.35.1-win32-x64\jre\17.0.12-win32-x86_64\bin\server\jvm.dll
0x00007ffcb2140000 - 0x00007ffcb21f2000 	C:\Windows\System32\ADVAPI32.dll
0x00007ffcb39d0000 - 0x00007ffcb3a78000 	C:\Windows\System32\sechost.dll
0x00007ffcb2110000 - 0x00007ffcb2138000 	C:\Windows\System32\bcrypt.dll
0x00007ffcb4110000 - 0x00007ffcb4224000 	C:\Windows\System32\RPCRT4.dll
0x00007ffcb2310000 - 0x00007ffcb2381000 	C:\Windows\System32\WS2_32.dll
0x00007ffcb1030000 - 0x00007ffcb107d000 	C:\Windows\SYSTEM32\POWRPROF.dll
0x00007ffcabe60000 - 0x00007ffcabe94000 	C:\Windows\SYSTEM32\WINMM.dll
0x00007ffcaadf0000 - 0x00007ffcaadfa000 	C:\Windows\SYSTEM32\VERSION.dll
0x00007ffcb0c30000 - 0x00007ffcb0c43000 	C:\Windows\SYSTEM32\UMPDC.dll
0x00007ffcaf850000 - 0x00007ffcaf868000 	C:\Windows\SYSTEM32\kernel.appcore.dll
0x00007ffc9d650000 - 0x00007ffc9d65a000 	c:\Users\User\.vscode\extensions\redhat.java-1.35.1-win32-x64\jre\17.0.12-win32-x86_64\bin\jimage.dll
0x00007ffcb1080000 - 0x00007ffcb12b2000 	C:\Windows\SYSTEM32\DBGHELP.DLL
0x00007ffcb25b0000 - 0x00007ffcb293e000 	C:\Windows\System32\combase.dll
0x00007ffcb3390000 - 0x00007ffcb3467000 	C:\Windows\System32\OLEAUT32.dll
0x00007ffcb0f20000 - 0x00007ffcb0f52000 	C:\Windows\SYSTEM32\dbgcore.DLL
0x00007ffcb19a0000 - 0x00007ffcb1a1b000 	C:\Windows\System32\bcryptPrimitives.dll
0x00007ffc9d640000 - 0x00007ffc9d64e000 	c:\Users\User\.vscode\extensions\redhat.java-1.35.1-win32-x64\jre\17.0.12-win32-x86_64\bin\instrument.dll
0x00007ffc9a910000 - 0x00007ffc9a935000 	c:\Users\User\.vscode\extensions\redhat.java-1.35.1-win32-x64\jre\17.0.12-win32-x86_64\bin\java.dll
0x00007ffc9ce40000 - 0x00007ffc9ce58000 	c:\Users\User\.vscode\extensions\redhat.java-1.35.1-win32-x64\jre\17.0.12-win32-x86_64\bin\zip.dll
0x00007ffcb2b20000 - 0x00007ffcb3389000 	C:\Windows\System32\SHELL32.dll
0x00007ffcae770000 - 0x00007ffcaf06f000 	C:\Windows\SYSTEM32\windows.storage.dll
0x00007ffcae630000 - 0x00007ffcae76f000 	C:\Windows\SYSTEM32\wintypes.dll
0x00007ffcb35a0000 - 0x00007ffcb3699000 	C:\Windows\System32\SHCORE.dll
0x00007ffcb22b0000 - 0x00007ffcb230e000 	C:\Windows\System32\shlwapi.dll
0x00007ffcb1650000 - 0x00007ffcb1677000 	C:\Windows\SYSTEM32\profapi.dll
0x00007ffc956c0000 - 0x00007ffc956d9000 	C:\Users\User\.vscode\extensions\redhat.java-1.35.1-win32-x64\jre\17.0.12-win32-x86_64\bin\net.dll
0x00007ffcaabc0000 - 0x00007ffcaacf6000 	C:\Windows\SYSTEM32\WINHTTP.dll
0x00007ffcb04b0000 - 0x00007ffcb0519000 	C:\Windows\system32\mswsock.dll
0x00007ffc955e0000 - 0x00007ffc955f6000 	C:\Users\User\.vscode\extensions\redhat.java-1.35.1-win32-x64\jre\17.0.12-win32-x86_64\bin\nio.dll
0x00007ffc9b6d0000 - 0x00007ffc9b6e0000 	c:\Users\User\.vscode\extensions\redhat.java-1.35.1-win32-x64\jre\17.0.12-win32-x86_64\bin\verify.dll

dbghelp: loaded successfully - version: 4.0.5 - missing functions: none
symbol engine: initialized successfully - sym options: 0x614 - pdb path: .;c:\Users\User\.vscode\extensions\redhat.java-1.35.1-win32-x64\jre\17.0.12-win32-x86_64\bin;C:\Windows\SYSTEM32;C:\Windows\WinSxS\amd64_microsoft.windows.common-controls_6595b64144ccf1df_6.0.22621.3672_none_2713b9d173822955;c:\Users\User\.vscode\extensions\redhat.java-1.35.1-win32-x64\jre\17.0.12-win32-x86_64\bin\server

VM Arguments:
jvm_args: --add-modules=ALL-SYSTEM --add-opens=java.base/java.util=ALL-UNNAMED --add-opens=java.base/java.lang=ALL-UNNAMED --add-opens=java.base/sun.nio.fs=ALL-UNNAMED -Declipse.application=org.eclipse.jdt.ls.core.id1 -Dosgi.bundles.defaultStartLevel=4 -Declipse.product=org.eclipse.jdt.ls.core.product -Djava.import.generatesMetadataFilesAtProjectRoot=false -DDetectVMInstallationsJob.disabled=true -Dfile.encoding=utf8 -XX:+UseParallelGC -XX:GCTimeRatio=4 -XX:AdaptiveSizePolicyWeight=90 -Dsun.zip.disableMemoryMapping=true -Xmx1G -Xms100m -Xlog:disable -javaagent:c:\Users\User\.vscode\extensions\redhat.java-1.35.1-win32-x64\lombok\lombok-1.18.33.jar 
java_command: c:\Users\User\.vscode\extensions\redhat.java-1.35.1-win32-x64\server\plugins\org.eclipse.equinox.launcher_1.6.900.v20240613-2009.jar -configuration c:\Users\User\AppData\Roaming\Code\User\globalStorage\redhat.java\1.35.1\config_ss_win -data c:\Users\User\AppData\Roaming\Code\User\workspaceStorage\6f4f042813c4580cfe0915161643dd36\redhat.java\ss_ws --pipe=\\.\pipe\lsp-baeedeb3d0784b1c1de709be67c14ef1-sock
java_class_path (initial): c:\Users\User\.vscode\extensions\redhat.java-1.35.1-win32-x64\server\plugins\org.eclipse.equinox.launcher_1.6.900.v20240613-2009.jar
Launcher Type: SUN_STANDARD

[Global flags]
    uintx AdaptiveSizePolicyWeight                 = 90                                        {product} {command line}
     intx CICompilerCount                          = 4                                         {product} {ergonomic}
    uintx GCTimeRatio                              = 4                                         {product} {command line}
   size_t InitialHeapSize                          = 104857600                                 {product} {command line}
   size_t MaxHeapSize                              = 1073741824                                {product} {command line}
   size_t MaxNewSize                               = 357564416                                 {product} {ergonomic}
   size_t MinHeapDeltaBytes                        = 524288                                    {product} {ergonomic}
   size_t MinHeapSize                              = 104857600                                 {product} {command line}
   size_t NewSize                                  = 34603008                                  {product} {ergonomic}
    uintx NonNMethodCodeHeapSize                   = 5839372                                {pd product} {ergonomic}
    uintx NonProfiledCodeHeapSize                  = 122909434                              {pd product} {ergonomic}
   size_t OldSize                                  = 70254592                                  {product} {ergonomic}
    uintx ProfiledCodeHeapSize                     = 122909434                              {pd product} {ergonomic}
    uintx ReservedCodeCacheSize                    = 251658240                              {pd product} {ergonomic}
     bool SegmentedCodeCache                       = true                                      {product} {ergonomic}
   size_t SoftMaxHeapSize                          = 1073741824                             {manageable} {ergonomic}
     bool UseCompressedClassPointers               = true                           {product lp64_product} {ergonomic}
     bool UseCompressedOops                        = true                           {product lp64_product} {ergonomic}
     bool UseLargePagesIndividualAllocation        = false                                  {pd product} {ergonomic}
     bool UseParallelGC                            = true                                      {product} {command line}

Logging:
Log output configuration:
 #0: stdout all=off uptime,level,tags
 #1: stderr all=off uptime,level,tags

Environment Variables:
PATH=C:\Program Files (x86)\Common Files\Oracle\Java\javapath;C:\Program Files\Microsoft\jdk-21.0.3.9-hotspot\bin;C:\Windows\system32;C:\Windows;C:\Windows\System32\Wbem;C:\Windows\System32\WindowsPowerShell\v1.0\;C:\Windows\System32\OpenSSH\;C:\Program Files\nodejs\;C:\Users\User\AppData\Local\Microsoft\WindowsApps;C:\Users\User\AppData\Local\Programs\Microsoft VS Code\bin;C:\Users\User\AppData\Roaming\npm
USERNAME=User
OS=Windows_NT
PROCESSOR_IDENTIFIER=Intel64 Family 6 Model 142 Stepping 10, GenuineIntel
TMP=C:\Users\User\AppData\Local\Temp
TEMP=C:\Users\User\AppData\Local\Temp



Periodic native trim disabled


---------------  S Y S T E M  ---------------

OS:
 Windows 11 , 64 bit Build 22621 (10.0.22621.3958)
OS uptime: 7 days 14:22 hours

CPU: total 8 (initial active 8) (4 cores per cpu, 2 threads per core) family 6 model 142 stepping 10 microcode 0xe0, cx8, cmov, fxsr, ht, mmx, 3dnowpref, sse, sse2, sse3, ssse3, sse4.1, sse4.2, popcnt, lzcnt, tsc, tscinvbit, avx, avx2, aes, erms, clmul, bmi1, bmi2, adx, fma, vzeroupper, clflush, clflushopt
Processor Information for all 8 processors :
  Max Mhz: 1992, Current Mhz: 1792, Mhz Limit: 1792

Memory: 4k page, system-wide physical 8073M (2764M free)
TotalPageFile size 12937M (AvailPageFile size 5952M)
current process WorkingSet (physical memory assigned to process): 64M, peak: 64M
current process commit charge ("private bytes"): 198M, peak: 199M

vm_info: OpenJDK 64-Bit Server VM (17.0.12+7) for windows-amd64 JRE (17.0.12+7), built on Jul 16 2024 22:08:24 by "admin" with MS VC++ 16.10 / 16.11 (VS2019)

END.
